-------------------------------------------------------------------------------
Test set: mn.edu.must.sqat.GradeCalculatorTest
-------------------------------------------------------------------------------
Tests run: 22, Failures: 1, Errors: 0, Skipped: 0, Time elapsed: 0.065 s <<< FAILURE! - in mn.edu.must.sqat.GradeCalculatorTest
ninetyIsExactlyA  Time elapsed: 0.004 s  <<< FAILURE!
org.opentest4j.AssertionFailedError: expected: <A> but was: <B>
	at mn.edu.must.sqat.GradeCalculatorTest.ninetyIsExactlyA(GradeCalculatorTest.java:38)

